"../../../../../../Unreal Projects/ITAS/Content/BP/Interactable.uasset" 0
"../../../../../../Unreal Projects/ITAS/Content/UI/UI_InGame.uasset" 1
"../../../../../../Unreal Projects/ITAS/Content/BP/BP_Player.uasset" 2
"../../../../../../Unreal Projects/ITAS/Content/BP/GM_Base.uasset" 3
"../../../Engine/Content/Animation/DefaultAnimCurveCompressionSettings.uasset" 4
"../../../Engine/Content/Functions/Engine_MaterialFunctions01/Opacity/CameraDepthFade.uasset" 5
"../../../Engine/Content/EngineMaterials/T_Default_Material_Grid_M.uasset" 6
"../../../Engine/Content/EngineMaterials/T_Default_Material_Grid_N.uasset" 7
"../../../Engine/Content/EngineMaterials/WorldGridMaterial.uasset" 8
"../../../Engine/Content/ArtTools/RenderToTexture/Meshes/S_1_Unit_Plane.uasset" 9
"../../../Engine/Content/EngineMaterials/DefaultMaterial.uasset" 10
"../../../Engine/Content/BasicShapes/Cone.uasset" 11
"../../../Engine/Content/BasicShapes/Cube.uasset" 12
"../../../Engine/Content/BasicShapes/Cylinder.uasset" 13
"../../../Engine/Content/BasicShapes/Plane.uasset" 14
"../../../Engine/Content/BasicShapes/Sphere.uasset" 15
"../../../Engine/Content/EditorLandscapeResources/DataLayer.uasset" 16
"../../../Engine/Content/EditorMaterials/GizmoMaterial.uasset" 17
"../../../Engine/Content/EditorMaterials/MAT_Groups_Toggle.uasset" 18
"../../../Engine/Content/EditorMaterials/MAT_Groups_Visibility.uasset" 19
"../../../Engine/Content/EditorMaterials/PreviewShadowIndicator.uasset" 20
"../../../Engine/Content/EditorMaterials/PreviewShadowIndicatorMaterial.uasset" 21
"../../../Engine/Content/EditorMaterials/MatineeGroups/MAT_ColorTrack.uasset" 22
"../../../Engine/Content/EditorMaterials/MatineeGroups/MAT_Groups_Anim.uasset" 23
"../../../Engine/Content/EditorMaterials/MatineeGroups/MAT_Groups_AudioMaster.uasset" 24
"../../../Engine/Content/EditorMaterials/MatineeGroups/MAT_Groups_Director.uasset" 25
"../../../Engine/Content/EditorMaterials/MatineeGroups/MAT_Groups_Event.uasset" 26
"../../../Engine/Content/EditorMaterials/MatineeGroups/MAT_Groups_Fade.uasset" 27
"../../../Engine/Content/EditorMaterials/MatineeGroups/MAT_Groups_Float.uasset" 28
"../../../Engine/Content/EditorMaterials/MatineeGroups/MAT_Groups_Move.uasset" 29
"../../../Engine/Content/EditorMaterials/MatineeGroups/MAT_Groups_Slomo.uasset" 30
"../../../Engine/Content/EditorMaterials/MatineeGroups/MAT_Groups_Sound.uasset" 31
"../../../Engine/Content/EditorMaterials/MatineeGroups/MAT_Groups_Vector.uasset" 32
"../../../Engine/Content/EditorMaterials/ParticleSystems/PSysThumbnail_NoImage.uasset" 33
"../../../Engine/Content/EditorMaterials/ParticleSystems/PSysThumbnail_OOD.uasset" 34
"../../../Engine/Content/EditorMaterials/Camera/CineMat.uasset" 35
"../../../Engine/Content/EditorMaterials/Camera/MI_CineMat_Rig.uasset" 36
"../../../Engine/Content/EditorMeshes/Camera/SM_CraneRig_Arm.uasset" 37
"../../../Engine/Content/EditorMeshes/Camera/SM_CraneRig_Base.uasset" 38
"../../../Engine/Content/EditorMeshes/Camera/SM_CraneRig_Body.uasset" 39
"../../../Engine/Content/EditorMeshes/Camera/SM_CraneRig_Mount.uasset" 40
"../../../Engine/Content/EditorMeshes/Camera/SM_RailRig_Mount.uasset" 41
"../../../Engine/Content/EditorMeshes/Camera/SM_RailRig_Track.uasset" 42
"../../../Engine/Content/EditorResources/BSPVertex.uasset" 43
"../../../Engine/Content/EditorResources/EmptyActor.uasset" 44
"../../../Engine/Content/EditorResources/S_Actor.uasset" 45
"../../../Engine/Content/EditorResources/S_Note.uasset" 46
"../../../Engine/Content/EditorResources/S_Trigger.uasset" 47
"../../../Engine/Content/EditorResources/LightIcons/S_LightError.uasset" 48
"../../../Engine/Content/EditorResources/SequenceRecorder/Countdown.uasset" 49
"../../../Engine/Content/EditorResources/SequenceRecorder/RecordingIndicator.uasset" 50
"../../../Engine/Content/EditorSounds/Notifications/CompileFailed.uasset" 51
"../../../Engine/Content/EditorSounds/Notifications/CompileFailed_Cue.uasset" 52
"../../../Engine/Content/EditorSounds/Notifications/CompileSuccess.uasset" 53
"../../../Engine/Content/EditorSounds/Notifications/CompileStart_Cue.uasset" 54
"../../../Engine/Content/EditorSounds/Notifications/CompileSuccess_Cue.uasset" 55
"../../../Engine/Content/EngineDamageTypes/DmgTypeBP_Environmental.uasset" 56
"../../../Engine/Content/EngineDebugMaterials/HeatmapGradient.uasset" 57
"../../../Engine/Content/EngineDebugMaterials/BoneWeightMaterial.uasset" 58
"../../../Engine/Content/EngineDebugMaterials/ClothMaterial.uasset" 59
"../../../Engine/Content/EngineDebugMaterials/ClothMaterial_WF.uasset" 60
"../../../Engine/Content/EngineDebugMaterials/DebugEditorMaterial.uasset" 61
"../../../Engine/Content/EngineDebugMaterials/DebugMeshMaterial.uasset" 62
"../../../Engine/Content/EngineDebugMaterials/GeomMaterial.uasset" 63
"../../../Engine/Content/EngineDebugMaterials/M_SimpleTranslucent.uasset" 64
"../../../Engine/Content/EngineFonts/Faces/RobotoBold.uasset" 65
"../../../Engine/Content/EngineFonts/Faces/RobotoBoldItalic.uasset" 66
"../../../Engine/Content/EngineFonts/Faces/RobotoItalic.uasset" 67
"../../../Engine/Content/EngineFonts/Faces/RobotoLight.uasset" 68
"../../../Engine/Content/EngineFonts/Faces/RobotoRegular.uasset" 69
"../../../Engine/Content/EngineFonts/Roboto.uasset" 70
"../../../Engine/Content/EngineFonts/Faces/RobotoTiny.uasset" 71
"../../../Engine/Content/EngineFonts/RobotoTiny.uasset" 72
"../../../Engine/Content/EngineMaterials/BaseFlattenDiffuseMap.uasset" 73
"../../../Engine/Content/EngineMaterials/BaseFlattenEmissiveMap.uasset" 74
"../../../Engine/Content/EngineMaterials/BaseFlattenGrayscaleMap.uasset" 75
"../../../Engine/Content/EngineMaterials/BaseFlattenNormalMap.uasset" 76
"../../../Engine/Content/EngineMaterials/BaseFlattenMaterial.uasset" 77
"../../../Engine/Content/EngineMaterials/DefaultBloomKernel.uasset" 78
"../../../Engine/Content/EngineMaterials/DefaultBokeh.uasset" 79
"../../../Engine/Content/EngineMaterials/DefaultDiffuse.uasset" 80
"../../../Engine/Content/EngineMaterials/DefaultDeferredDecalMaterial.uasset" 81
"../../../Engine/Content/EngineMaterials/DefaultLightFunctionMaterial.uasset" 82
"../../../Engine/Content/EngineMaterials/DefaultPhysicalMaterial.uasset" 83
"../../../Engine/Content/Functions/Engine_MaterialFunctions02/Utility/BreakOutFloat2Components.uasset" 84
"../../../Engine/Content/EngineMaterials/DefaultPostProcessMaterial.uasset" 85
"../../../Engine/Content/EngineFonts/RobotoDistanceField.uasset" 86
"../../../Engine/Content/EngineMaterials/DefaultTextMaterialOpaque.uasset" 87
"../../../Engine/Content/EngineMaterials/DefaultWhiteGrid.uasset" 88
"../../../Engine/Content/EngineMaterials/EditorBrushMaterial.uasset" 89
"../../../Engine/Content/EngineMaterials/Good64x64TilingNoiseHighFreq.uasset" 90
"../../../Engine/Content/EngineMaterials/MiniFont.uasset" 91
"../../../Engine/Content/EngineMaterials/InvalidLightmapSettings.uasset" 92
"../../../Engine/Content/EngineMaterials/M_InvalidLightmapSettings.uasset" 93
"../../../Engine/Content/Functions/Engine_MaterialFunctions02/WorldPositionOffset/CameraOffset.uasset" 94
"../../../Engine/Content/EngineMaterials/PhAT_JointLimitMaterial.uasset" 95
"../../../Engine/Content/EngineMaterials/PreintegratedSkinBRDF.uasset" 96
"../../../Engine/Content/EngineMaterials/RemoveSurfaceMaterial.uasset" 97
"../../../Engine/Content/EngineMaterials/WeightMapPlaceholderTexture.uasset" 98
"../../../Engine/Content/EngineResources/WhiteSquareTexture.uasset" 99
"../../../Engine/Content/EngineMaterials/Widget3DPassThrough.uasset" 100
"../../../Engine/Content/EngineMaterials/Widget3DPassThrough_Masked.uasset" 101
"../../../Engine/Content/EngineMaterials/Widget3DPassThrough_Opaque.uasset" 102
"../../../Engine/Content/EngineMaterials/Widget3DPassThrough_Masked_OneSided.uasset" 103
"../../../Engine/Content/EngineMaterials/Widget3DPassThrough_Opaque_OneSided.uasset" 104
"../../../Engine/Content/EngineMaterials/Widget3DPassThrough_Translucent.uasset" 105
"../../../Engine/Content/EngineMaterials/Widget3DPassThrough_Translucent_OneSided.uasset" 106
"../../../Engine/Content/EngineMeshes/Cylinder.uasset" 107
"../../../Engine/Content/EngineMeshes/Sphere.uasset" 108
"../../../Engine/Content/EngineResources/Black.uasset" 109
"../../../Engine/Content/EngineResources/DefaultTexture.uasset" 110
"../../../Engine/Content/EngineResources/DefaultTextureCube.uasset" 111
"../../../Engine/Content/EngineResources/DefaultVolumeTexture2D.uasset" 112
"../../../Engine/Content/EngineResources/DefaultVolumeTexture.uasset" 113
"../../../Engine/Content/EngineResources/GradientTexture0.uasset" 114
"../../../Engine/Content/EngineSounds/Master.uasset" 115
"../../../Engine/Content/Functions/Engine_MaterialFunctions01/Shading/ConvertFromDiffSpec.uasset" 116
"../../../Engine/Content/Functions/Engine_MaterialFunctions01/Shading/PowerToRoughness.uasset" 117
"../../../Engine/Content/Maps/Templates/Thumbnails/Default.uasset" 118
"../../../Engine/Content/Maps/Templates/Thumbnails/VR-Basic.uasset" 119
"../../../Engine/Content/MobileResources/T_MobileControls_texture.uasset" 120
"../../../Engine/Content/MobileResources/T_MobileMenu2.uasset" 121
"../../../Engine/Content/MobileResources/HUD/AnalogHat.uasset" 122
"../../../Engine/Content/MobileResources/HUD/VirtualJoystick_Background.uasset" 123
"../../../Engine/Content/MobileResources/HUD/VirtualJoystick_Thumb.uasset" 124
"../../../Engine/Content/MobileResources/HUD/DefaultVirtualJoysticks.uasset" 125
"../../../Engine/Content/MobileResources/HUD/LeftVirtualJoystickOnly.uasset" 126
"../../../Engine/Content/MobileResources/HUD/MobileHUDButton1_off.uasset" 127
"../../../Engine/Content/MobileResources/HUD/MobileHUDButton1_on.uasset" 128
"../../../Engine/Content/MobileResources/HUD/MobileHUDButton2_off.uasset" 129
"../../../Engine/Content/MobileResources/HUD/MobileHUDButton2_on.uasset" 130
"../../../Engine/Content/MobileResources/HUD/MobileHUDButton3.uasset" 131
"../../../Engine/Content/MobileResources/HUD/MobileHUDButtonFire.uasset" 132
"../../../Engine/Content/MobileResources/HUD/MobileHUDDirectionPad.uasset" 133
"../../../Engine/Content/MobileResources/HUD/MobileHUDDirectionPad2.uasset" 134
"../../../Engine/Content/MobileResources/HUD/MobileHUDDirectionPad3.uasset" 135
"../../../Engine/Content/MobileResources/HUD/MobileHUDDirectionStick.uasset" 136
"../../../Engine/Content/MobileResources/HUD/T_Castle_ThumbstickInner.uasset" 137
"../../../Engine/Content/MobileResources/HUD/T_Castle_ThumbstickOutter.uasset" 138
"../../../Engine/Content/Tutorial/ContentIntroCurve.uasset" 139
"../../../Engine/Content/Tutorial/Basics/LevelEditorAttract.uasset" 140
"../../../Engine/Content/Tutorial/Basics/TutorialAssets/icon_tab_Levels_40x.uasset" 141
"../../../Engine/Content/Tutorial/Basics/LevelEditorOverview.uasset" 142
"../../../Engine/Content/Tutorial/BlueprintTutorials/TutorialAssets/Blueprint_64x.uasset" 143
"../../../Engine/Content/Tutorial/BlueprintTutorials/BlueprintEditorTutorial.uasset" 144
"../../../Engine/Content/VREditor/LaserPointer/VR_LaserPower_01.uasset" 145
"../../../Engine/Content/VREditor/TransformGizmo/TransformGizmoMaterial.uasset" 146
"../../../Engine/Content/VREditor/TransformGizmo/TranslucentTransformGizmoMaterial.uasset" 147
"../../../Engine/Content/VREditor/TransformGizmo/BoundingBoxCorner.uasset" 148
"../../../Engine/Content/VREditor/TransformGizmo/BoundingBoxEdge.uasset" 149
"../../../Engine/Content/VREditor/TransformGizmo/PlaneTranslationHandle.uasset" 150
"../../../Engine/Content/VREditor/TransformGizmo/Main.uasset" 151
"../../../Engine/Content/VREditor/TransformGizmo/Xray.uasset" 152
"../../../Engine/Content/VREditor/TransformGizmo/SM_Sequencer_Key.uasset" 153
"../../../Engine/Content/VREditor/TransformGizmo/SM_Sequencer_Node.uasset" 154
"../../Plugins/2D/Paper2D/Content/PlaceholderTextures/DummySpriteTexture.uasset" 155
"../../Plugins/2D/Paper2D/Content/DummySprite.uasset" 156
"../../Plugins/2D/Paper2D/Content/DefaultPaperTerrainMaterial.uasset" 157
"../../Plugins/2D/Paper2D/Content/DummySpriteTexture.uasset" 158
"../../Plugins/2D/Paper2D/Content/DefaultSpriteMaterial.uasset" 159
"../../Plugins/2D/Paper2D/Content/MaskedUnlitSpriteMaterial.uasset" 160
"../../Plugins/2D/Paper2D/Content/OpaqueUnlitSpriteMaterial.uasset" 161
"../../Plugins/Runtime/Oculus/OculusVR/Content/OculusMR_RenderTarget.uasset" 162
"../../../Engine/Content/Functions/Engine_MaterialFunctions02/Utility/BreakOutFloat4Components.uasset" 163
"../../../Engine/Content/Functions/Engine_MaterialFunctions02/Utility/MakeFloat2.uasset" 164
"../../../Engine/Content/Functions/Engine_MaterialFunctions02/Utility/MakeFloat3.uasset" 165
"../../Plugins/Runtime/Oculus/OculusVR/Content/Materials/OculusMR_ChromaKey.uasset" 166
"../../Plugins/Runtime/Oculus/OculusVR/Content/Materials/OculusMR_ChromaKey_Lit.uasset" 167
"../../Plugins/Runtime/Oculus/OculusVR/Content/Materials/OculusMR_OpaqueColoredMaterial.uasset" 168
"../../Plugins/Runtime/Oculus/OculusVR/Content/Materials/OculusMR_WhiteMaterial.uasset" 169
"../../Plugins/Runtime/Oculus/OculusVR/Content/Materials/PokeAHoleMaterial.uasset" 170
"../../Plugins/Runtime/Oculus/OculusVR/Content/Textures/GearVRController_AO.uasset" 171
"../../Plugins/Runtime/Oculus/OculusVR/Content/Textures/GearVRController_Color.uasset" 172
"../../Plugins/Runtime/Oculus/OculusVR/Content/Textures/GearVRController_Normal.uasset" 173
"../../Plugins/Runtime/Oculus/OculusVR/Content/Materials/GearVRControllerMaterial.uasset" 174
"../../Plugins/Runtime/Oculus/OculusVR/Content/Meshes/GearVrController.uasset" 175
"../../Plugins/Runtime/Oculus/OculusVR/Content/Textures/touchController_albedo.uasset" 176
"../../Plugins/Runtime/Oculus/OculusVR/Content/Textures/touchController_controlmap.uasset" 177
"../../Plugins/Runtime/Oculus/OculusVR/Content/Materials/touchController_mat.uasset" 178
"../../Plugins/Runtime/Oculus/OculusVR/Content/Meshes/LeftTouchController.uasset" 179
"../../Plugins/Runtime/Oculus/OculusVR/Content/Meshes/RiftHMD.uasset" 180
"../../Plugins/Runtime/Oculus/OculusVR/Content/Meshes/RightTouchController.uasset" 181
"../../../Engine/Content/EditorBlueprintResources/StandardMacros.uasset" 182
"../../../Engine/Content/EngineSky/C_Sky_Cloud_Color.uasset" 183
"../../../Engine/Content/EngineSky/C_Sky_Horizon_Color.uasset" 184
"../../../Engine/Content/EngineSky/C_Sky_Zenith_Color.uasset" 185
"../../../Engine/Content/EngineSky/T_Sky_Blue.uasset" 186
"../../../Engine/Content/EngineSky/T_Sky_Clouds_M.uasset" 187
"../../../Engine/Content/EngineSky/T_Sky_Stars.uasset" 188
"../../../Engine/Content/EngineSky/M_Sky_Panning_Clouds2.uasset" 189
"../../../Engine/Content/EngineSky/SM_SkySphere.uasset" 190
"../../../Engine/Content/EngineSky/BP_Sky_Sphere.uasset" 191
"../../../../../../Unreal Projects/ITAS/Content/Maps/Test_01_BuiltData.uasset" 192
"../../../Engine/Content/MapTemplates/SM_Template_Map_Floor.uasset" 193
"../../../../../../Unreal Projects/ITAS/Content/Maps/Test_01.umap" 194
"../../../../../../Unreal Projects/ITAS/Content/Materials/Mat_Default.uasset" 195
"../../../../../../Unreal Projects/ITAS/Content/Materials/Mat_Default_Inst5.uasset" 196
"../../../../../../Unreal Projects/ITAS/Content/Materials/Mat_Default_Inst6.uasset" 197
"../../../../../../Unreal Projects/ITAS/Content/Meshes/ComputerTable/Separated/Chair.uasset" 198
"../../../../../../Unreal Projects/ITAS/Content/Materials/Mat_Default_Inst2.uasset" 199
"../../../../../../Unreal Projects/ITAS/Content/Materials/Mat_Default_Inst3.uasset" 200
"../../../../../../Unreal Projects/ITAS/Content/Materials/Mat_Default_Inst7.uasset" 201
"../../../../../../Unreal Projects/ITAS/Content/Meshes/CornerTable/CornerDesk_3.uasset" 202
"../../../../../../Unreal Projects/ITAS/Content/BP/CornerDesk.uasset" 203
"../../../../../../Unreal Projects/ITAS/Content/Meshes/DualTable/DualDesk_03.uasset" 204
"../../../../../../Unreal Projects/ITAS/Content/BP/DualDesk.uasset" 205
"../../../../../../Unreal Projects/ITAS/Content/Meshes/ComputerTable/CT_01.uasset" 206
"../../../../../../Unreal Projects/ITAS/Content/Materials/Emissive/Mat_Emissive.uasset" 207
"../../../../../../Unreal Projects/ITAS/Content/Materials/Emissive/Mat_Emissive_Inst.uasset" 208
"../../../../../../Unreal Projects/ITAS/Content/Materials/Mat_Default_Inst8.uasset" 209
"../../../../../../Unreal Projects/ITAS/Content/Meshes/ComputerTable/Separated/Computer.uasset" 210
"../../../../../../Unreal Projects/ITAS/Content/Materials/Mat_Default_Inst.uasset" 211
"../../../../../../Unreal Projects/ITAS/Content/Meshes/ComputerTable/Separated/Keyboard.uasset" 212
"../../../../../../Unreal Projects/ITAS/Content/Meshes/ComputerTable/Separated/Monitor.uasset" 213
"../../../../../../Unreal Projects/ITAS/Content/Meshes/ComputerTable/Separated/Mouse.uasset" 214
"../../../../../../Unreal Projects/ITAS/Content/Meshes/ComputerTable/Separated/Table.uasset" 215
"../../../../../../Unreal Projects/ITAS/Content/BP/TestInteractable.uasset" 216
"../../../../../../Unreal Projects/ITAS/Content/Maps/Test_03_BuiltData.uasset" 217
"../../../../../../Unreal Projects/ITAS/Content/Materials/Glass.uasset" 218
"../../../../../../Unreal Projects/ITAS/Content/Materials/Glass_Inst.uasset" 219
"../../../../../../Unreal Projects/ITAS/Content/Materials/Mat_Default_Inst1.uasset" 220
"../../../../../../Unreal Projects/ITAS/Content/Materials/Mat_Default_Inst4.uasset" 221
"../../../../../../Unreal Projects/ITAS/Content/Meshes/Room/Blinds.uasset" 222
"../../../../../../Unreal Projects/ITAS/Content/Meshes/Room/FloorTileBorderColor.uasset" 223
"../../../../../../Unreal Projects/ITAS/Content/Meshes/Room/FloorTileColor.uasset" 224
"../../../../../../Unreal Projects/ITAS/Content/Meshes/Room/Glass_001.uasset" 225
"../../../../../../Unreal Projects/ITAS/Content/Meshes/Room/Glow.uasset" 226
"../../../../../../Unreal Projects/ITAS/Content/Meshes/Room/Material.uasset" 227
"../../../../../../Unreal Projects/ITAS/Content/Meshes/Room/PVC.uasset" 228
"../../../../../../Unreal Projects/ITAS/Content/Meshes/Room/Table.uasset" 229
"../../../../../../Unreal Projects/ITAS/Content/Meshes/Room/TableBorder.uasset" 230
"../../../../../../Unreal Projects/ITAS/Content/Meshes/Room/Walls.uasset" 231
"../../../../../../Unreal Projects/ITAS/Content/Meshes/Room/WoodPanels.uasset" 232
"../../../../../../Unreal Projects/ITAS/Content/Meshes/Room/room_013_test.uasset" 233
"../../../../../../Unreal Projects/ITAS/Content/Meshes/Room/RoofTileBorder.uasset" 234
"../../../../../../Unreal Projects/ITAS/Content/Meshes/Room/Glow_Inst.uasset" 235
"../../../../../../Unreal Projects/ITAS/Content/Meshes/Room/room_014.uasset" 236
"../../../../../../Unreal Projects/ITAS/Content/Maps/Test_03.umap" 237
"../../../../../../Unreal Projects/ITAS/Content/Maps/Test_03_withMaterials_BuiltData.uasset" 238
"../../../../../../Unreal Projects/ITAS/Content/Materials/Tables/Textures/Tables/MemorialPlate_mask.uasset" 239
"../../../../../../Unreal Projects/ITAS/Content/Materials/Tables/MemorialPlate.uasset" 240
"../../../../../../Unreal Projects/ITAS/Content/Materials/Mat_Default_Inst9.uasset" 241
"../../../../../../Unreal Projects/ITAS/Content/Materials/Tables/Textures/Numbers/Numbers_221.uasset" 242
"../../../../../../Unreal Projects/ITAS/Content/Materials/Tables/Tables_Base.uasset" 243
"../../../../../../Unreal Projects/ITAS/Content/Materials/Tables/221.uasset" 244
"../../../../../../Unreal Projects/ITAS/Content/Materials/Tables/Textures/Numbers/Numbers_222.uasset" 245
"../../../../../../Unreal Projects/ITAS/Content/Materials/Tables/222.uasset" 246
"../../../../../../Unreal Projects/ITAS/Content/Materials/Tables/Textures/Numbers/Numbers_223.uasset" 247
"../../../../../../Unreal Projects/ITAS/Content/Materials/Tables/223.uasset" 248
"../../../../../../Unreal Projects/ITAS/Content/Materials/Tables/Textures/Tables/Tables_223.uasset" 249
"../../../../../../Unreal Projects/ITAS/Content/Materials/Tables/223_table.uasset" 250
"../../../../../../Unreal Projects/ITAS/Content/Materials/Tables/Textures/Numbers/Numbers_225.uasset" 251
"../../../../../../Unreal Projects/ITAS/Content/Materials/Tables/225.uasset" 252
"../../../../../../Unreal Projects/ITAS/Content/Materials/Tables/Textures/Numbers/Numbers_226.uasset" 253
"../../../../../../Unreal Projects/ITAS/Content/Materials/Tables/226.uasset" 254
"../../../../../../Unreal Projects/ITAS/Content/Materials/Tables/Textures/Tables/Tables_226.uasset" 255
"../../../../../../Unreal Projects/ITAS/Content/Materials/Tables/226_table.uasset" 256
"../../../../../../Unreal Projects/ITAS/Content/Materials/Tables/Textures/Numbers/Numbers_227.uasset" 257
"../../../../../../Unreal Projects/ITAS/Content/Materials/Tables/227.uasset" 258
"../../../../../../Unreal Projects/ITAS/Content/Materials/Tables/Textures/Tables/Tables_227.uasset" 259
"../../../../../../Unreal Projects/ITAS/Content/Materials/Tables/227_table.uasset" 260
"../../../../../../Unreal Projects/ITAS/Content/Materials/Tables/Textures/Numbers/Numbers_229.uasset" 261
"../../../../../../Unreal Projects/ITAS/Content/Materials/Tables/229.uasset" 262
"../../../../../../Unreal Projects/ITAS/Content/Materials/Tables/Textures/Tables/Tables_229.uasset" 263
"../../../../../../Unreal Projects/ITAS/Content/Materials/Tables/229_table.uasset" 264
"../../../../../../Unreal Projects/ITAS/Content/Materials/Tables/Textures/Numbers/Numbers_230.uasset" 265
"../../../../../../Unreal Projects/ITAS/Content/Materials/Tables/230.uasset" 266
"../../../../../../Unreal Projects/ITAS/Content/Materials/Tables/Textures/Tables/Tables_230.uasset" 267
"../../../../../../Unreal Projects/ITAS/Content/Materials/Tables/230_table.uasset" 268
"../../../../../../Unreal Projects/ITAS/Content/Materials/Tables/Textures/Tables/BC-soft.uasset" 269
"../../../../../../Unreal Projects/ITAS/Content/Materials/Tables/BC_soft.uasset" 270
"../../../../../../Unreal Projects/ITAS/Content/Materials/Tables/Textures/Tables/Diploms.uasset" 271
"../../../../../../Unreal Projects/ITAS/Content/Materials/Tables/Diploms.uasset" 272
"../../../../../../Unreal Projects/ITAS/Content/Materials/Tables/Textures/Tables/Dom_ru.uasset" 273
"../../../../../../Unreal Projects/ITAS/Content/Materials/Tables/Dom_ru.uasset" 274
"../../../../../../Unreal Projects/ITAS/Content/Materials/Tables/Textures/Tables/information.uasset" 275
"../../../../../../Unreal Projects/ITAS/Content/Materials/Tables/information.uasset" 276
"../../../../../../Unreal Projects/ITAS/Content/Materials/Tables/Textures/Tables/Logo.uasset" 277
"../../../../../../Unreal Projects/ITAS/Content/Materials/Tables/Itas_logo.uasset" 278
"../../../../../../Unreal Projects/ITAS/Content/Materials/Tables/Textures/Tables/plan_1.uasset" 279
"../../../../../../Unreal Projects/ITAS/Content/Materials/Tables/plan.uasset" 280
"../../../../../../Unreal Projects/ITAS/Content/Materials/Tables/Textures/Tables/achievements.uasset" 281
"../../../../../../Unreal Projects/ITAS/Content/Materials/Tables/Rewards.uasset" 282
"../../../../../../Unreal Projects/ITAS/Content/Materials/Tables/Textures/Tables/RP.uasset" 283
"../../../../../../Unreal Projects/ITAS/Content/Materials/Tables/RP_table.uasset" 284
"../../../../../../Unreal Projects/ITAS/Content/Materials/Tables/Textures/Tables/SHO.uasset" 285
"../../../../../../Unreal Projects/ITAS/Content/Materials/Tables/SHO_table.uasset" 286
"../../../../../../Unreal Projects/ITAS/Content/Meshes/Doors/Doors.uasset" 287
"../../../../../../Unreal Projects/ITAS/Content/Meshes/rooms/auditory_230/Auditory_230.uasset" 288
"../../../../../../Unreal Projects/ITAS/Content/Meshes/rooms/Corridor/Corridor.uasset" 289
"../../../../../../Unreal Projects/ITAS/Content/Maps/Test_03_withMaterials.umap" 290
"../../../Engine/Content/Maps/Entry_BuiltData.uasset" 291
"../../../Engine/Content/Maps/Entry.umap" 292
